kotlin version: 2.0.21
error message: java.lang.IllegalStateException: Could not load module definition from: VirtualFile: C:\Users\micha\.jdks\temurin-22.0.2\lib\ct.sym!\L\jdk.httpserver\module-info.sig. The file might be broken by incorrect post-processing via bytecode tools. Please remove this file from the classpath.
	at org.jetbrains.kotlin.resolve.jvm.modules.JavaModuleInfo$Companion.read(JavaModuleInfo.kt:114)
	at org.jetbrains.kotlin.cli.jvm.modules.CliJavaModuleFinder.findSystemModule(CliJavaModuleFinder.kt:122)
	at org.jetbrains.kotlin.cli.jvm.modules.CliJavaModuleFinder._get_systemModules_$lambda$7(CliJavaModuleFinder.kt:111)
	at kotlin.sequences.TransformingSequence$iterator$1.next(Sequences.kt:210)
	at kotlin.sequences.FilteringSequence$iterator$1.calcNext(Sequences.kt:170)
	at kotlin.sequences.FilteringSequence$iterator$1.hasNext(Sequences.kt:194)
	at org.jetbrains.kotlin.cli.jvm.compiler.CliJavaModuleUtilsKt.computeDefaultRootModules(cliJavaModuleUtils.kt:63)
	at org.jetbrains.kotlin.cli.jvm.compiler.ClasspathRootsResolver.addModularRoots(ClasspathRootsResolver.kt:268)
	at org.jetbrains.kotlin.cli.jvm.compiler.ClasspathRootsResolver.computeRoots(ClasspathRootsResolver.kt:134)
	at org.jetbrains.kotlin.cli.jvm.compiler.ClasspathRootsResolver.convertClasspathRoots(ClasspathRootsResolver.kt:90)
	at org.jetbrains.kotlin.cli.jvm.compiler.pipeline.JvmCompilerPipelineKt.createProjectEnvironment(jvmCompilerPipeline.kt:430)
	at org.jetbrains.kotlin.cli.jvm.K2JVMCompiler.doExecute(K2JVMCompiler.kt:141)
	at org.jetbrains.kotlin.cli.jvm.K2JVMCompiler.doExecute(K2JVMCompiler.kt:43)
	at org.jetbrains.kotlin.cli.common.CLICompiler.execImpl(CLICompiler.kt:103)
	at org.jetbrains.kotlin.cli.common.CLICompiler.execImpl(CLICompiler.kt:49)
	at org.jetbrains.kotlin.cli.common.CLITool.exec(CLITool.kt:101)
	at org.jetbrains.kotlin.incremental.IncrementalJvmCompilerRunner.runCompiler(IncrementalJvmCompilerRunner.kt:464)
	at org.jetbrains.kotlin.incremental.IncrementalJvmCompilerRunner.runCompiler(IncrementalJvmCompilerRunner.kt:73)
	at org.jetbrains.kotlin.incremental.IncrementalCompilerRunner.doCompile(IncrementalCompilerRunner.kt:506)
	at org.jetbrains.kotlin.incremental.IncrementalCompilerRunner.compileImpl(IncrementalCompilerRunner.kt:423)
	at org.jetbrains.kotlin.incremental.IncrementalCompilerRunner.compileNonIncrementally(IncrementalCompilerRunner.kt:301)
	at org.jetbrains.kotlin.incremental.IncrementalCompilerRunner.compile(IncrementalCompilerRunner.kt:129)
	at org.jetbrains.kotlin.daemon.CompileServiceImplBase.execIncrementalCompiler(CompileServiceImpl.kt:675)
	at org.jetbrains.kotlin.daemon.CompileServiceImplBase.access$execIncrementalCompiler(CompileServiceImpl.kt:92)
	at org.jetbrains.kotlin.daemon.CompileServiceImpl.compile(CompileServiceImpl.kt:1660)
	at java.base/jdk.internal.reflect.DirectMethodHandleAccessor.invoke(DirectMethodHandleAccessor.java:103)
	at java.base/java.lang.reflect.Method.invoke(Method.java:580)
	at java.rmi/sun.rmi.server.UnicastServerRef.dispatch(UnicastServerRef.java:360)
	at java.rmi/sun.rmi.transport.Transport$1.run(Transport.java:200)
	at java.rmi/sun.rmi.transport.Transport$1.run(Transport.java:197)
	at java.base/java.security.AccessController.doPrivileged(AccessController.java:714)
	at java.rmi/sun.rmi.transport.Transport.serviceCall(Transport.java:196)
	at java.rmi/sun.rmi.transport.tcp.TCPTransport.handleMessages(TCPTransport.java:598)
	at java.rmi/sun.rmi.transport.tcp.TCPTransport$ConnectionHandler.run0(TCPTransport.java:844)
	at java.rmi/sun.rmi.transport.tcp.TCPTransport$ConnectionHandler.lambda$run$0(TCPTransport.java:721)
	at java.base/java.security.AccessController.doPrivileged(AccessController.java:400)
	at java.rmi/sun.rmi.transport.tcp.TCPTransport$ConnectionHandler.run(TCPTransport.java:720)
	at java.base/java.util.concurrent.ThreadPoolExecutor.runWorker(ThreadPoolExecutor.java:1144)
	at java.base/java.util.concurrent.ThreadPoolExecutor$Worker.run(ThreadPoolExecutor.java:642)
	at java.base/java.lang.Thread.run(Thread.java:1570)
Caused by: java.lang.ArrayIndexOutOfBoundsException: Index 36 out of bounds for length 19
	at org.jetbrains.org.objectweb.asm.ClassReader.readUtf(ClassReader.java:3649)
	at org.jetbrains.org.objectweb.asm.ClassReader.readUTF8(ClassReader.java:3636)
	at org.jetbrains.org.objectweb.asm.ClassReader.readStringish(ClassReader.java:3706)
	at org.jetbrains.org.objectweb.asm.ClassReader.readClass(ClassReader.java:3721)
	at org.jetbrains.org.objectweb.asm.ClassReader.accept(ClassReader.java:515)
	at org.jetbrains.org.objectweb.asm.ClassReader.accept(ClassReader.java:395)
	at org.jetbrains.kotlin.resolve.jvm.modules.JavaModuleInfo$Companion.read(JavaModuleInfo.kt:82)
	... 39 more


